e:\csoundvs001\csoundapiexample\x64\debug\csoundapiexample.pch
e:\csoundvs001\csoundapiexample\x64\debug\vc141.pdb
e:\csoundvs001\csoundapiexample\x64\debug\vc141.idb
e:\csoundvs001\csoundapiexample\x64\debug\stdafx.obj
e:\csoundvs001\csoundapiexample\x64\debug\csoundapiexample.obj
c:\users\mcgettrp\desktop\csoundvs001\csoundapiexample\x64\debug\csoundapiexample.pch
c:\users\mcgettrp\desktop\csoundvs001\csoundapiexample\x64\debug\vc141.pdb
c:\users\mcgettrp\desktop\csoundvs001\csoundapiexample\x64\debug\vc141.idb
c:\users\mcgettrp\desktop\csoundvs001\csoundapiexample\x64\debug\stdafx.obj
c:\users\mcgettrp\desktop\csoundvs001\csoundapiexample\x64\debug\csoundapiexample.obj
c:\users\mcgettrp\desktop\csoundvs002\csoundapiexample\x64\debug\csoundapiexample.pch
c:\users\mcgettrp\desktop\csoundvs002\csoundapiexample\x64\debug\vc141.pdb
c:\users\mcgettrp\desktop\csoundvs002\csoundapiexample\x64\debug\vc141.idb
c:\users\mcgettrp\desktop\csoundvs002\csoundapiexample\x64\debug\stdafx.obj
c:\users\mcgettrp\desktop\csoundvs002\csoundapiexample\x64\debug\csoundapiexample.obj
c:\users\mcgettrp\desktop\csoundvs003\csoundapiexample\x64\debug\csoundapiexample.pch
c:\users\mcgettrp\desktop\csoundvs003\csoundapiexample\x64\debug\vc141.pdb
c:\users\mcgettrp\desktop\csoundvs003\csoundapiexample\x64\debug\vc141.idb
c:\users\mcgettrp\desktop\csoundvs003\csoundapiexample\x64\debug\stdafx.obj
c:\users\mcgettrp\desktop\csoundvs003\csoundapiexample\x64\debug\csoundapiexample.obj
c:\users\mcgettrp\desktop\csoundvs004\csoundapiexample\x64\debug\csoundapiexample.pch
c:\users\mcgettrp\desktop\csoundvs004\csoundapiexample\x64\debug\vc141.pdb
c:\users\mcgettrp\desktop\csoundvs004\csoundapiexample\x64\debug\vc141.idb
c:\users\mcgettrp\desktop\csoundvs004\csoundapiexample\x64\debug\stdafx.obj
c:\users\mcgettrp\desktop\csoundvs004\csoundapiexample\x64\debug\csoundapiexample.obj
c:\users\mcgettrp\desktop\csoundvs005\csoundapiexample\x64\debug\csoundapiexample.pch
c:\users\mcgettrp\desktop\csoundvs005\csoundapiexample\x64\debug\vc141.pdb
c:\users\mcgettrp\desktop\csoundvs005\csoundapiexample\x64\debug\vc141.idb
c:\users\mcgettrp\desktop\csoundvs005\csoundapiexample\x64\debug\stdafx.obj
c:\users\mcgettrp\desktop\csoundvs005\csoundapiexample\x64\debug\csoundapiexample.obj
c:\users\mcgettrp\desktop\csoundvs006\csoundapiexample\x64\debug\csoundapiexample.pch
c:\users\mcgettrp\desktop\csoundvs006\csoundapiexample\x64\debug\vc141.pdb
c:\users\mcgettrp\desktop\csoundvs006\csoundapiexample\x64\debug\vc141.idb
c:\users\mcgettrp\desktop\csoundvs006\csoundapiexample\x64\debug\stdafx.obj
c:\users\mcgettrp\desktop\csoundvs006\csoundapiexample\x64\debug\csoundapiexample.obj
e:\csoundvs006\csoundapiexample\x64\debug\csoundapiexample.pch
e:\csoundvs006\csoundapiexample\x64\debug\vc141.pdb
e:\csoundvs006\csoundapiexample\x64\debug\vc141.idb
e:\csoundvs006\csoundapiexample\x64\debug\stdafx.obj
e:\csoundvs006\csoundapiexample\x64\debug\csoundapiexample.obj
e:\csoundvs001\x64\debug\csoundapiexample.lib
e:\csoundvs001\x64\debug\csoundapiexample.exp
c:\users\mcgettrp\desktop\csoundvs001\x64\debug\csoundapiexample.lib
c:\users\mcgettrp\desktop\csoundvs001\x64\debug\csoundapiexample.exp
c:\users\mcgettrp\desktop\csoundvs002\x64\debug\csoundapiexample.lib
c:\users\mcgettrp\desktop\csoundvs002\x64\debug\csoundapiexample.exp
c:\users\mcgettrp\desktop\csoundvs003\x64\debug\csoundapiexample.lib
c:\users\mcgettrp\desktop\csoundvs003\x64\debug\csoundapiexample.exp
c:\users\mcgettrp\desktop\csoundvs004\x64\debug\csoundapiexample.lib
c:\users\mcgettrp\desktop\csoundvs004\x64\debug\csoundapiexample.exp
c:\users\mcgettrp\desktop\csoundvs005\x64\debug\csoundapiexample.lib
c:\users\mcgettrp\desktop\csoundvs005\x64\debug\csoundapiexample.exp
c:\users\mcgettrp\desktop\csoundvs006\x64\debug\csoundapiexample.lib
c:\users\mcgettrp\desktop\csoundvs006\x64\debug\csoundapiexample.exp
e:\csoundvs006\x64\debug\csoundapiexample.lib
e:\csoundvs006\x64\debug\csoundapiexample.exp
e:\csoundvs001\x64\debug\csoundapiexample.exe
e:\csoundvs001\x64\debug\csoundapiexample.ilk
e:\csoundvs001\x64\debug\csoundapiexample.pdb
c:\users\mcgettrp\desktop\csoundvs001\x64\debug\csoundapiexample.exe
c:\users\mcgettrp\desktop\csoundvs001\x64\debug\csoundapiexample.ilk
c:\users\mcgettrp\desktop\csoundvs001\x64\debug\csoundapiexample.pdb
c:\users\mcgettrp\desktop\csoundvs002\x64\debug\csoundapiexample.exe
c:\users\mcgettrp\desktop\csoundvs002\x64\debug\csoundapiexample.ilk
c:\users\mcgettrp\desktop\csoundvs002\x64\debug\csoundapiexample.pdb
c:\users\mcgettrp\desktop\csoundvs003\x64\debug\csoundapiexample.exe
c:\users\mcgettrp\desktop\csoundvs003\x64\debug\csoundapiexample.ilk
c:\users\mcgettrp\desktop\csoundvs003\x64\debug\csoundapiexample.pdb
c:\users\mcgettrp\desktop\csoundvs004\x64\debug\csoundapiexample.exe
c:\users\mcgettrp\desktop\csoundvs004\x64\debug\csoundapiexample.ilk
c:\users\mcgettrp\desktop\csoundvs004\x64\debug\csoundapiexample.pdb
c:\users\mcgettrp\desktop\csoundvs005\x64\debug\csoundapiexample.exe
c:\users\mcgettrp\desktop\csoundvs005\x64\debug\csoundapiexample.ilk
c:\users\mcgettrp\desktop\csoundvs005\x64\debug\csoundapiexample.pdb
c:\users\mcgettrp\desktop\csoundvs006\x64\debug\csoundapiexample.exe
c:\users\mcgettrp\desktop\csoundvs006\x64\debug\csoundapiexample.ilk
c:\users\mcgettrp\desktop\csoundvs006\x64\debug\csoundapiexample.pdb
e:\csoundvs006\x64\debug\csoundapiexample.exe
e:\csoundvs006\x64\debug\csoundapiexample.ilk
e:\csoundvs006\x64\debug\csoundapiexample.pdb
e:\cpm\008 week 4 next steps with vstudio and csoundapi\csoundvs007\csoundapiexample\x64\debug\csoundapiexample.obj
e:\cpm\008 week 4 next steps with vstudio and csoundapi\csoundvs007\csoundapiexample\x64\debug\stdafx.obj
e:\cpm\008 week 4 next steps with vstudio and csoundapi\csoundvs007\csoundapiexample\x64\debug\csoundapiexample.pch
e:\cpm\008 week 4 next steps with vstudio and csoundapi\csoundvs007\csoundapiexample\x64\debug\vc141.idb
e:\cpm\008 week 4 next steps with vstudio and csoundapi\csoundvs007\csoundapiexample\x64\debug\vc141.pdb
e:\cpm\008 week 4 next steps with vstudio and csoundapi\csoundvs007\x64\debug\csoundapiexample.pdb
e:\cpm\008 week 4 next steps with vstudio and csoundapi\csoundvs007\x64\debug\csoundapiexample.exe
e:\cpm\008 week 4 next steps with vstudio and csoundapi\csoundvs007\x64\debug\csoundapiexample.ilk
e:\cpm\008 week 4 next steps with vstudio and csoundapi\csoundvs007\csoundapiexample\x64\debug\csoundapiexample.tlog\cl.command.1.tlog
e:\cpm\008 week 4 next steps with vstudio and csoundapi\csoundvs007\csoundapiexample\x64\debug\csoundapiexample.tlog\cl.read.1.tlog
e:\cpm\008 week 4 next steps with vstudio and csoundapi\csoundvs007\csoundapiexample\x64\debug\csoundapiexample.tlog\cl.write.1.tlog
e:\cpm\008 week 4 next steps with vstudio and csoundapi\csoundvs007\csoundapiexample\x64\debug\csoundapiexample.tlog\csoundapiexample.write.1u.tlog
e:\cpm\008 week 4 next steps with vstudio and csoundapi\csoundvs007\csoundapiexample\x64\debug\csoundapiexample.tlog\link.command.1.tlog
e:\cpm\008 week 4 next steps with vstudio and csoundapi\csoundvs007\csoundapiexample\x64\debug\csoundapiexample.tlog\link.delete.1.tlog
e:\cpm\008 week 4 next steps with vstudio and csoundapi\csoundvs007\csoundapiexample\x64\debug\csoundapiexample.tlog\link.read.1.tlog
e:\cpm\008 week 4 next steps with vstudio and csoundapi\csoundvs007\csoundapiexample\x64\debug\csoundapiexample.tlog\link.write.1.tlog
